c:\work\sandbox\repos\snakegameconsole\snakegameconsole\debug\vc142.pdb
c:\work\sandbox\repos\snakegameconsole\snakegameconsole\debug\vc142.idb
c:\work\sandbox\repos\snakegameconsole\snakegameconsole\debug\snake.obj
c:\work\sandbox\repos\snakegameconsole\snakegameconsole\debug\keyboardinputreader.obj
c:\work\sandbox\repos\snakegameconsole\snakegameconsole\debug\gamemanager.obj
c:\work\sandbox\repos\snakegameconsole\snakegameconsole\debug\gameboard.obj
c:\work\sandbox\repos\snakegameconsole\snakegameconsole\debug\collisionmanager.obj
c:\work\sandbox\repos\snakegameconsole\snakegameconsole\debug\cell.obj
c:\work\sandbox\repos\snakegameconsole\snakegameconsole\debug\apple.obj
c:\work\sandbox\repos\snakegameconsole\snakegameconsole\debug\snakegameconsole.obj
c:\work\sandbox\repos\snakegameconsole\debug\snakegameconsole.pdb
c:\work\sandbox\repos\snakegameconsole\snakegameconsole\debug\snakegameconsole.tlog\cl.command.1.tlog
c:\work\sandbox\repos\snakegameconsole\snakegameconsole\debug\snakegameconsole.tlog\cl.read.1.tlog
c:\work\sandbox\repos\snakegameconsole\snakegameconsole\debug\snakegameconsole.tlog\cl.write.1.tlog
c:\work\sandbox\repos\snakegameconsole\snakegameconsole\debug\snakegameconsole.tlog\link-cvtres.read.1.tlog
c:\work\sandbox\repos\snakegameconsole\snakegameconsole\debug\snakegameconsole.tlog\link-cvtres.write.1.tlog
c:\work\sandbox\repos\snakegameconsole\snakegameconsole\debug\snakegameconsole.tlog\link-rc.read.1.tlog
c:\work\sandbox\repos\snakegameconsole\snakegameconsole\debug\snakegameconsole.tlog\link-rc.write.1.tlog
c:\work\sandbox\repos\snakegameconsole\snakegameconsole\debug\snakegameconsole.tlog\link.command.1.tlog
c:\work\sandbox\repos\snakegameconsole\snakegameconsole\debug\snakegameconsole.tlog\link.read.1.tlog
c:\work\sandbox\repos\snakegameconsole\snakegameconsole\debug\snakegameconsole.tlog\link.write.1.tlog
